2019-09-04 21:14:46.335 | INFO     | __main__:Main:238 - Program Start.
2019-09-04 21:14:46.335 | INFO     | __main__:Main:239 - csv2qbo.py
2019-09-04 21:14:46.335 | INFO     | __main__:Main:243 - ...checking download directory...
2019-09-04 21:14:46.335 | DEBUG    | __main__:Main:246 - 090258_Checking_Transactions_20190107-195212.csv
2019-09-04 21:14:46.355 | DEBUG    | __main__:Main:246 - BankDepositsStatement-20190903-034925PM.csv
2019-09-04 21:14:46.358 | DEBUG    | __main__:Main:246 - Coinbase-533abce993be6498e5000366-TaxTransactionsReport-2019-03-11-22_21_35.csv
2019-09-04 21:14:46.366 | DEBUG    | __main__:Main:246 - Coinbase-BATWallet-TaxReport-2019-03-11-22_19_59.csv
2019-09-04 21:14:46.369 | DEBUG    | __main__:Main:246 - Coinbase-BCHWallet-TaxReport-2019-03-11-22_19_59.csv
2019-09-04 21:14:46.371 | DEBUG    | __main__:Main:246 - Coinbase-BitcoinWallet-TaxReport-2019-03-11-22_20_00.csv
2019-09-04 21:14:46.373 | DEBUG    | __main__:Main:246 - Coinbase-BSVWallet-TaxReport-2019-03-11-22_19_59.csv
2019-09-04 21:14:46.377 | DEBUG    | __main__:Main:246 - Coinbase-Conrad'sVault-TaxReport-2019-03-11-22_19_59.csv
2019-09-04 21:14:46.386 | DEBUG    | __main__:Main:246 - Coinbase-ETCWallet-TaxReport-2019-03-11-22_19_59.csv
2019-09-04 21:14:46.387 | DEBUG    | __main__:Main:246 - Coinbase-Ethericwallet-TaxReport-2019-03-11-22_19_59.csv
2019-09-04 21:14:46.390 | DEBUG    | __main__:Main:246 - Coinbase-ETHWallet-TaxReport-2019-03-11-22_20_00.csv
2019-09-04 21:14:46.391 | DEBUG    | __main__:Main:246 - Coinbase-LTCWallet-TaxReport-2019-03-11-22_20_00.csv
2019-09-04 21:14:46.393 | DEBUG    | __main__:Main:246 - Coinbase-USDCWallet-TaxReport-2019-03-11-22_19_59.csv
2019-09-04 21:14:46.395 | DEBUG    | __main__:Main:246 - Coinbase-XRPWallet-TaxReport-2019-03-11-22_19_59.csv
2019-09-04 21:14:46.397 | DEBUG    | __main__:Main:246 - Coinbase-ZECWallet-TaxReport-2019-03-11-22_19_59.csv
2019-09-04 21:14:46.398 | DEBUG    | __main__:Main:246 - Coinbase-ZRXWallet-TaxReport-2019-03-11-22_19_59.csv
2019-09-04 21:14:46.400 | DEBUG    | __main__:Main:246 - contacts.csv
2019-09-04 21:14:46.401 | DEBUG    | __main__:Main:246 - DailyDeposits-20190228-103014AM.csv
2019-09-04 21:14:46.402 | DEBUG    | __main__:Main:246 - download(1).csv
2019-09-04 21:14:46.405 | DEBUG    | __main__:Main:246 - download(2).csv
2019-09-04 21:14:46.407 | DEBUG    | __main__:Main:246 - download(3).csv
2019-09-04 21:14:46.409 | DEBUG    | __main__:Main:246 - Reports-04-08-2019-00_00_00-to-04-08-2019-23_59_59.csv
2019-09-04 21:14:46.410 | DEBUG    | __main__:Main:246 - Reports-05-06-2019-00_00_00-to-05-09-2019-23_59_59.csv
2019-09-04 21:14:46.411 | ERROR    | __main__:read_csv_file:91 - Error in reading C:\Users\Conrad/Downloads/download.csv
2019-09-04 21:14:46.415 | WARNING  | __main__:read_csv_file:92 - [Errno 2] No such file or directory: 'C:\\Users\\Conrad/Downloads/download.csv'
2019-09-04 21:14:46.417 | INFO     | __main__:Main:252 - File not yet found C:\Users\Conrad/Downloads/download.csv. sleeping 10 seconds...
2019-09-04 21:14:56.424 | INFO     | __main__:Main:243 - ...checking download directory...
2019-09-04 21:14:56.424 | DEBUG    | __main__:Main:246 - 090258_Checking_Transactions_20190107-195212.csv
2019-09-04 21:14:56.424 | DEBUG    | __main__:Main:246 - BankDepositsStatement-20190903-034925PM.csv
2019-09-04 21:14:56.424 | DEBUG    | __main__:Main:246 - Coinbase-533abce993be6498e5000366-TaxTransactionsReport-2019-03-11-22_21_35.csv
2019-09-04 21:14:56.424 | DEBUG    | __main__:Main:246 - Coinbase-BATWallet-TaxReport-2019-03-11-22_19_59.csv
2019-09-04 21:14:56.424 | DEBUG    | __main__:Main:246 - Coinbase-BCHWallet-TaxReport-2019-03-11-22_19_59.csv
2019-09-04 21:14:56.424 | DEBUG    | __main__:Main:246 - Coinbase-BitcoinWallet-TaxReport-2019-03-11-22_20_00.csv
2019-09-04 21:14:56.424 | DEBUG    | __main__:Main:246 - Coinbase-BSVWallet-TaxReport-2019-03-11-22_19_59.csv
2019-09-04 21:14:56.424 | DEBUG    | __main__:Main:246 - Coinbase-Conrad'sVault-TaxReport-2019-03-11-22_19_59.csv
2019-09-04 21:14:56.424 | DEBUG    | __main__:Main:246 - Coinbase-ETCWallet-TaxReport-2019-03-11-22_19_59.csv
2019-09-04 21:14:56.424 | DEBUG    | __main__:Main:246 - Coinbase-Ethericwallet-TaxReport-2019-03-11-22_19_59.csv
2019-09-04 21:14:56.439 | DEBUG    | __main__:Main:246 - Coinbase-ETHWallet-TaxReport-2019-03-11-22_20_00.csv
2019-09-04 21:14:56.441 | DEBUG    | __main__:Main:246 - Coinbase-LTCWallet-TaxReport-2019-03-11-22_20_00.csv
2019-09-04 21:14:56.442 | DEBUG    | __main__:Main:246 - Coinbase-USDCWallet-TaxReport-2019-03-11-22_19_59.csv
2019-09-04 21:14:56.444 | DEBUG    | __main__:Main:246 - Coinbase-XRPWallet-TaxReport-2019-03-11-22_19_59.csv
2019-09-04 21:14:56.445 | DEBUG    | __main__:Main:246 - Coinbase-ZECWallet-TaxReport-2019-03-11-22_19_59.csv
2019-09-04 21:14:56.447 | DEBUG    | __main__:Main:246 - Coinbase-ZRXWallet-TaxReport-2019-03-11-22_19_59.csv
2019-09-04 21:14:56.448 | DEBUG    | __main__:Main:246 - contacts.csv
2019-09-04 21:14:56.450 | DEBUG    | __main__:Main:246 - DailyDeposits-20190228-103014AM.csv
2019-09-04 21:14:56.452 | DEBUG    | __main__:Main:246 - download(1).csv
2019-09-04 21:14:56.453 | DEBUG    | __main__:Main:246 - download(2).csv
2019-09-04 21:14:56.455 | DEBUG    | __main__:Main:246 - download(3).csv
2019-09-04 21:14:56.456 | DEBUG    | __main__:Main:246 - Reports-04-08-2019-00_00_00-to-04-08-2019-23_59_59.csv
2019-09-04 21:14:56.459 | DEBUG    | __main__:Main:246 - Reports-05-06-2019-00_00_00-to-05-09-2019-23_59_59.csv
2019-09-04 21:14:56.461 | ERROR    | __main__:read_csv_file:91 - Error in reading C:\Users\Conrad/Downloads/download.csv
2019-09-04 21:14:56.463 | WARNING  | __main__:read_csv_file:92 - [Errno 2] No such file or directory: 'C:\\Users\\Conrad/Downloads/download.csv'
2019-09-04 21:14:56.466 | INFO     | __main__:Main:252 - File not yet found C:\Users\Conrad/Downloads/download.csv. sleeping 10 seconds...
