2019-09-04 22:05:19.369 | INFO     | __main__:Main:248 - Program Start.
2019-09-04 22:05:19.379 | INFO     | __main__:Main:249 - csv2qbo.py
2019-09-04 22:05:19.393 | INFO     | __main__:Main:253 - ...checking download directory...
2019-09-04 22:05:19.403 | DEBUG    | __main__:getFileList:241 - 090258_Checking_Transactions_20190107-195212.csv
2019-09-04 22:05:19.409 | DEBUG    | __main__:getFileList:241 - Coinbase-533abce993be6498e5000366-TaxTransactionsReport-2019-03-11-22_21_35.csv
2019-09-04 22:05:19.418 | DEBUG    | __main__:getFileList:241 - Coinbase-BATWallet-TaxReport-2019-03-11-22_19_59.csv
2019-09-04 22:05:19.433 | DEBUG    | __main__:getFileList:241 - Coinbase-BCHWallet-TaxReport-2019-03-11-22_19_59.csv
2019-09-04 22:05:19.441 | DEBUG    | __main__:getFileList:241 - Coinbase-BitcoinWallet-TaxReport-2019-03-11-22_20_00.csv
2019-09-04 22:05:19.448 | DEBUG    | __main__:getFileList:241 - Coinbase-BSVWallet-TaxReport-2019-03-11-22_19_59.csv
2019-09-04 22:05:19.456 | DEBUG    | __main__:getFileList:241 - Coinbase-Conrad'sVault-TaxReport-2019-03-11-22_19_59.csv
2019-09-04 22:05:19.463 | DEBUG    | __main__:getFileList:241 - Coinbase-ETCWallet-TaxReport-2019-03-11-22_19_59.csv
2019-09-04 22:05:19.472 | DEBUG    | __main__:getFileList:241 - Coinbase-Ethericwallet-TaxReport-2019-03-11-22_19_59.csv
2019-09-04 22:05:19.480 | DEBUG    | __main__:getFileList:241 - Coinbase-ETHWallet-TaxReport-2019-03-11-22_20_00.csv
2019-09-04 22:05:19.487 | DEBUG    | __main__:getFileList:241 - Coinbase-LTCWallet-TaxReport-2019-03-11-22_20_00.csv
2019-09-04 22:05:19.494 | DEBUG    | __main__:getFileList:241 - Coinbase-USDCWallet-TaxReport-2019-03-11-22_19_59.csv
2019-09-04 22:05:19.501 | DEBUG    | __main__:getFileList:241 - Coinbase-XRPWallet-TaxReport-2019-03-11-22_19_59.csv
2019-09-04 22:05:19.518 | DEBUG    | __main__:getFileList:241 - Coinbase-ZECWallet-TaxReport-2019-03-11-22_19_59.csv
2019-09-04 22:05:19.524 | DEBUG    | __main__:getFileList:241 - Coinbase-ZRXWallet-TaxReport-2019-03-11-22_19_59.csv
2019-09-04 22:05:19.531 | DEBUG    | __main__:getFileList:241 - contacts.csv
2019-09-04 22:05:19.538 | DEBUG    | __main__:getFileList:241 - PAI_bankDeposits_sample.csv
2019-09-04 22:05:19.555 | DEBUG    | __main__:getFileList:241 - PAI_DailyDeposits_sample.csv
2019-09-04 22:05:19.562 | DEBUG    | __main__:getFileList:241 - Reports-04-08-2019-00_00_00-to-04-08-2019-23_59_59.csv
2019-09-04 22:05:19.575 | DEBUG    | __main__:getFileList:241 - Reports-05-06-2019-00_00_00-to-05-09-2019-23_59_59.csv
2019-09-04 22:05:19.585 | ERROR    | __main__:read_csv_file:91 - Error in reading C:\Users\Conrad/Downloads/download.csv
2019-09-04 22:05:19.596 | WARNING  | __main__:read_csv_file:92 - [Errno 2] No such file or directory: 'C:\\Users\\Conrad/Downloads/download.csv'
2019-09-04 22:05:19.601 | INFO     | __main__:Main:259 - File not yet found C:\Users\Conrad/Downloads/download.csv. sleeping 10 seconds...
